[INFO] Scanning for projects...
[INFO] 
[INFO] ----------------------< com.proyecto:comentarios >----------------------
[INFO] Building comentarios 0.0.1-SNAPSHOT
[INFO]   from pom.xml
[INFO] --------------------------------[ jar ]---------------------------------
[INFO] 
[INFO] >>> spring-boot:3.5.6:run (default-cli) > test-compile @ comentarios >>>
[INFO] 
[INFO] --- resources:3.3.1:resources (default-resources) @ comentarios ---
[INFO] Copying 1 resource from src\main\resources to target\classes
[INFO] Copying 1 resource from src\main\resources to target\classes
[INFO] 
[INFO] --- compiler:3.14.0:compile (default-compile) @ comentarios ---
[INFO] Nothing to compile - all classes are up to date.
[INFO] 
[INFO] --- resources:3.3.1:testResources (default-testResources) @ comentarios ---
[INFO] skip non existing resourceDirectory C:\Users\Nicolás\Desktop\Proyecto_Final_Nicolas_Primoy\comentarios\src\test\resources
[INFO] 
[INFO] --- compiler:3.14.0:testCompile (default-testCompile) @ comentarios ---
[INFO] No sources to compile
[INFO] 
[INFO] <<< spring-boot:3.5.6:run (default-cli) < test-compile @ comentarios <<<
[INFO] 
[INFO] 
[INFO] --- spring-boot:3.5.6:run (default-cli) @ comentarios ---
[INFO] Attaching agents: []

  .   ____          _            __ _ _
 /\\ / ___'_ __ _ _(_)_ __  __ _ \ \ \ \
( ( )\___ | '_ | '_| | '_ \/ _` | \ \ \ \
 \\/  ___)| |_)| | | | | || (_| |  ) ) ) )
  '  |____| .__|_| |_|_| |_\__, | / / / /
 =========|_|==============|___/=/_/_/_/

 :: Spring Boot ::                (v3.5.6)

2026-05-16T10:45:12.134+02:00  INFO 30336 --- [comentarios] [           main] c.p.comentarios.ComentariosApplication   : Starting ComentariosApplication using Java 21.0.9 with PID 30336 (C:\Users\NicolĂˇs\Desktop\Proyecto_Final_Nicolas_Primoy\comentarios\target\classes started by NicolĂˇs in C:\Users\NicolĂˇs\Desktop\Proyecto_Final_Nicolas_Primoy\comentarios)
2026-05-16T10:45:12.135+02:00  INFO 30336 --- [comentarios] [           main] c.p.comentarios.ComentariosApplication   : No active profile set, falling back to 1 default profile: "default"
2026-05-16T10:45:12.524+02:00  INFO 30336 --- [comentarios] [           main] .s.d.r.c.RepositoryConfigurationDelegate : Bootstrapping Spring Data MongoDB repositories in DEFAULT mode.
2026-05-16T10:45:12.613+02:00  INFO 30336 --- [comentarios] [           main] .s.d.r.c.RepositoryConfigurationDelegate : Finished Spring Data repository scanning in 83 ms. Found 1 MongoDB repository interface.
2026-05-16T10:45:12.719+02:00  INFO 30336 --- [comentarios] [           main] o.s.cloud.context.scope.GenericScope     : BeanFactory id=ff55cc12-b99e-39f6-afd9-328c15370a05
2026-05-16T10:45:12.903+02:00  INFO 30336 --- [comentarios] [           main] o.s.b.w.embedded.tomcat.TomcatWebServer  : Tomcat initialized with port 8503 (http)
2026-05-16T10:45:12.913+02:00  INFO 30336 --- [comentarios] [           main] o.apache.catalina.core.StandardService   : Starting service [Tomcat]
2026-05-16T10:45:12.913+02:00  INFO 30336 --- [comentarios] [           main] o.apache.catalina.core.StandardEngine    : Starting Servlet engine: [Apache Tomcat/10.1.46]
2026-05-16T10:45:12.984+02:00  INFO 30336 --- [comentarios] [           main] o.a.c.c.C.[Tomcat].[localhost].[/]       : Initializing Spring embedded WebApplicationContext
2026-05-16T10:45:12.986+02:00  INFO 30336 --- [comentarios] [           main] w.s.c.ServletWebServerApplicationContext : Root WebApplicationContext: initialization completed in 826 ms
2026-05-16T10:45:13.121+02:00  INFO 30336 --- [comentarios] [           main] org.mongodb.driver.client                : MongoClient with metadata {"driver": {"name": "mongo-java-driver|sync|spring-boot", "version": "5.5.1"}, "os": {"type": "Windows", "name": "Windows 11", "architecture": "amd64", "version": "10.0"}, "platform": "Java/JetBrains s.r.o./21.0.9+1-b1163.94"} created with settings MongoClientSettings{readPreference=primary, writeConcern=WriteConcern{w=null, wTimeout=null ms, journal=null}, retryWrites=true, retryReads=true, readConcern=ReadConcern{level=null}, credential=null, transportSettings=null, commandListeners=[], codecRegistry=ProvidersCodecRegistry{codecProviders=[ValueCodecProvider{}, BsonValueCodecProvider{}, DBRefCodecProvider{}, DBObjectCodecProvider{}, DocumentCodecProvider{}, CollectionCodecProvider{}, IterableCodecProvider{}, MapCodecProvider{}, GeoJsonCodecProvider{}, GridFSFileCodecProvider{}, Jsr310CodecProvider{}, JsonObjectCodecProvider{}, BsonCodecProvider{}, EnumCodecProvider{}, com.mongodb.client.model.mql.ExpressionCodecProvider@437c4b25, com.mongodb.Jep395RecordCodecProvider@5ec6fede, com.mongodb.KotlinCodecProvider@580902cd]}, loggerSettings=LoggerSettings{maxDocumentLength=1000}, clusterSettings={hosts=[localhost:27017], srvServiceName=mongodb, mode=SINGLE, requiredClusterType=UNKNOWN, requiredReplicaSetName='null', serverSelector='null', clusterListeners='[]', serverSelectionTimeout='30000 ms', localThreshold='15 ms'}, socketSettings=SocketSettings{connectTimeoutMS=10000, readTimeoutMS=0, receiveBufferSize=0, proxySettings=ProxySettings{host=null, port=null, username=null, password=null}}, heartbeatSocketSettings=SocketSettings{connectTimeoutMS=10000, readTimeoutMS=10000, receiveBufferSize=0, proxySettings=ProxySettings{host=null, port=null, username=null, password=null}}, connectionPoolSettings=ConnectionPoolSettings{maxSize=100, minSize=0, maxWaitTimeMS=120000, maxConnectionLifeTimeMS=0, maxConnectionIdleTimeMS=0, maintenanceInitialDelayMS=0, maintenanceFrequencyMS=60000, connectionPoolListeners=[], maxConnecting=2}, serverSettings=ServerSettings{heartbeatFrequencyMS=10000, minHeartbeatFrequencyMS=500, serverMonitoringMode=AUTO, serverListeners='[]', serverMonitorListeners='[]'}, sslSettings=SslSettings{enabled=false, invalidHostNameAllowed=false, context=null}, applicationName='null', compressorList=[], uuidRepresentation=JAVA_LEGACY, serverApi=null, autoEncryptionSettings=null, dnsClient=null, inetAddressResolver=null, contextProvider=null, timeoutMS=null}
2026-05-16T10:45:13.147+02:00  INFO 30336 --- [comentarios] [localhost:27017] org.mongodb.driver.cluster               : Monitor thread successfully connected to server with description ServerDescription{address=localhost:27017, type=STANDALONE, cryptd=false, state=CONNECTED, ok=true, minWireVersion=0, maxWireVersion=27, maxDocumentSize=16777216, logicalSessionTimeoutMinutes=30, roundTripTimeNanos=10988400, minRoundTripTimeNanos=0}
2026-05-16T10:45:13.349+02:00  INFO 30336 --- [comentarios] [           main] o.s.c.openfeign.FeignClientFactoryBean   : For 'usuarios' URL not provided. Will try picking an instance via load-balancing.
2026-05-16T10:45:13.377+02:00  INFO 30336 --- [comentarios] [           main] o.s.c.openfeign.FeignClientFactoryBean   : For 'reservas' URL not provided. Will try picking an instance via load-balancing.
2026-05-16T10:45:13.609+02:00  INFO 30336 --- [comentarios] [           main] efaultSchemaResourceGraphQlSourceBuilder : Loaded 1 resource(s) in the GraphQL schema.
2026-05-16T10:45:13.709+02:00  INFO 30336 --- [comentarios] [           main] o.s.b.a.g.GraphQlAutoConfiguration       : GraphQL schema inspection:
	Unmapped fields: {}
	Unmapped registrations: {}
	Unmapped arguments: {}
	Skipped types: []
2026-05-16T10:45:13.723+02:00  INFO 30336 --- [comentarios] [           main] s.b.a.g.s.GraphQlWebMvcAutoConfiguration : GraphQL endpoint HTTP POST /comentarios
2026-05-16T10:45:13.834+02:00  INFO 30336 --- [comentarios] [           main] DiscoveryClientOptionalArgsConfiguration : Eureka HTTP Client uses RestTemplate.
2026-05-16T10:45:13.845+02:00  WARN 30336 --- [comentarios] [           main] iguration$LoadBalancerCaffeineWarnLogger : Spring Cloud LoadBalancer is currently working with the default cache. While this cache implementation is useful for development and tests, it's recommended to use Caffeine cache in production.You can switch to using Caffeine cache, by adding it and org.springframework.cache.caffeine.CaffeineCacheManager to the classpath.
2026-05-16T10:45:13.866+02:00  INFO 30336 --- [comentarios] [           main] o.s.b.w.embedded.tomcat.TomcatWebServer  : Tomcat started on port 8503 (http) with context path '/'
2026-05-16T10:45:13.872+02:00  INFO 30336 --- [comentarios] [           main] c.p.comentarios.ComentariosApplication   : Started ComentariosApplication in 1.985 seconds (process running for 2.265)
2026-05-16T10:45:23.490+02:00  INFO 30336 --- [comentarios] [nio-8503-exec-1] o.a.c.c.C.[Tomcat].[localhost].[/]       : Initializing Spring DispatcherServlet 'dispatcherServlet'
2026-05-16T10:45:23.490+02:00  INFO 30336 --- [comentarios] [nio-8503-exec-1] o.s.web.servlet.DispatcherServlet        : Initializing Servlet 'dispatcherServlet'
2026-05-16T10:45:23.491+02:00  INFO 30336 --- [comentarios] [nio-8503-exec-1] o.s.web.servlet.DispatcherServlet        : Completed initialization in 1 ms
[INFO] ------------------------------------------------------------------------
[INFO] BUILD FAILURE
[INFO] ------------------------------------------------------------------------
[INFO] Total time:  01:38 min
[INFO] Finished at: 2026-05-16T10:46:46+02:00
[INFO] ------------------------------------------------------------------------
[ERROR] Failed to execute goal org.springframework.boot:spring-boot-maven-plugin:3.5.6:run (default-cli) on project comentarios: Process terminated with exit code: -1 -> [Help 1]
[ERROR] 
[ERROR] To see the full stack trace of the errors, re-run Maven with the -e switch.
[ERROR] Re-run Maven using the -X switch to enable full debug logging.
[ERROR] 
[ERROR] For more information about the errors and possible solutions, please read the following articles:
[ERROR] [Help 1] http://cwiki.apache.org/confluence/display/MAVEN/MojoExecutionException
